<?xml version="1.0" encoding="utf-8"?><testsuites name="pytest tests"><testsuite name="pytest" errors="0" failures="0" skipped="0" tests="20" time="4.324" timestamp="2026-08-23T06:07:53.341490+00:00" hostname="agent-env-64bd3e08-9c52-4d5e-b9b1-4673c1baee10"><testcase classname="tests.test_iter8.TestGoalsAuth" name="test_get_requires_auth" time="0.171" /><testcase classname="tests.test_iter8.TestGoalsAuth" name="test_post_requires_auth" time="0.094" /><testcase classname="tests.test_iter8.TestGoalsAuth" name="test_put_requires_auth" time="0.107" /><testcase classname="tests.test_iter8.TestGoalsAuth" name="test_delete_requires_auth" time="0.099" /><testcase classname="tests.test_iter8.TestGoalsCRUD" name="test_initial_empty_list" time="0.742" /><testcase classname="tests.test_iter8.TestGoalsCRUD" name="test_create_multiple_goals" time="0.132" /><testcase classname="tests.test_iter8.TestGoalsCRUD" name="test_partial_update_name_and_target" time="0.142" /><testcase classname="tests.test_iter8.TestGoalsCRUD" name="test_update_target_date_and_null" time="0.130" /><testcase classname="tests.test_iter8.TestGoalsCRUD" name="test_update_nonexistent_returns_404" time="0.044" /><testcase classname="tests.test_iter8.TestGoalsValidation" name="test_target_zero_or_negative_422" time="0.139" /><testcase classname="tests.test_iter8.TestGoalsValidation" name="test_put_target_zero_422" time="0.134" /><testcase classname="tests.test_iter8.TestGoalsValidation" name="test_target_date_invalid_422" time="0.045" /><testcase classname="tests.test_iter8.TestGoalsValidation" name="test_target_date_omitted_ok" time="0.129" /><testcase classname="tests.test_iter8.TestGoalsValidation" name="test_missing_name_or_target_422" time="0.087" /><testcase classname="tests.test_iter8.TestTransactionsGoalLink" name="test_savings_tx_with_goal_id" time="0.132" /><testcase classname="tests.test_iter8.TestTransactionsGoalLink" name="test_savings_tx_without_goal_id_ok" time="0.283" /><testcase classname="tests.test_iter8.TestDeleteUnassigns" name="test_delete_goal_nulls_tx_goal_id" time="0.177" /><testcase classname="tests.test_iter8.TestDeleteUnassigns" name="test_delete_nonexistent_404" time="0.044" /><testcase classname="tests.test_iter8.TestCelebrationPersistence" name="test_celebrated_flag_persists" time="0.187" /><testcase classname="tests.test_iter8.TestIsolation" name="test_goals_are_per_user" time="1.250" /></testsuite></testsuites>