<?xml version="1.0" encoding="utf-8"?><testsuites name="pytest tests"><testsuite name="pytest" errors="0" failures="0" skipped="0" tests="11" time="6.353" timestamp="2026-08-23T05:14:07.425225+00:00" hostname="agent-env-64bd3e08-9c52-4d5e-b9b1-4673c1baee10"><testcase classname="tests.test_iter6.TestResetPassword" name="test_invalid_token_returns_400" time="0.526" /><testcase classname="tests.test_iter6.TestForgotPasswordEmailFix" name="test_registered_user_triggers_email_send" time="3.185" /><testcase classname="tests.test_iter6.TestResetPassword" name="test_short_token_422" time="0.223" /><testcase classname="tests.test_iter6.TestAuthRegression" name="test_signup_login_me" time="1.027" /><testcase classname="tests.test_iter6.TestAuthRegression" name="test_login_bad_password_401" time="0.698" /><testcase classname="tests.test_iter6.TestSavingsAndBalance" name="test_create_savings_transaction" time="0.837" /><testcase classname="tests.test_iter6.TestForgotPasswordEmailFix" name="test_unregistered_email_still_ok" time="0.093" /><testcase classname="tests.test_iter6.TestForgotPasswordEmailFix" name="test_invalid_email_format_422" time="0.098" /><testcase classname="tests.test_iter6.TestSavingsAndBalance" name="test_negative_balance_and_savings_isolated" time="0.976" /><testcase classname="tests.test_iter6.TestTransactionCrudRegression" name="test_full_crud" time="0.976" /><testcase classname="tests.test_iter6.TestTransactionCrudRegression" name="test_invalid_type_rejected" time="0.775" /></testsuite></testsuites>