<?xml version="1.0" encoding="utf-8"?><testsuites name="pytest tests"><testsuite name="pytest" errors="0" failures="0" skipped="0" tests="6" time="15.259" timestamp="2026-08-23T06:28:23.631379+00:00" hostname="agent-env-64bd3e08-9c52-4d5e-b9b1-4673c1baee10"><testcase classname="tests.test_iter9.TestUniqueTokenPerLogin" name="test_back_to_back_logins_produce_different_tokens" time="4.140" /><testcase classname="tests.test_iter9.TestUniqueTokenPerLogin" name="test_jti_claim_present_and_unique" time="0.957" /><testcase classname="tests.test_iter9.TestRapidLogoutLoginPreservesData" name="test_rapid_cycles_never_erase_data" time="5.575" /><testcase classname="tests.test_iter9.TestLogoutRevocationScope" name="test_old_token_401_after_logout_new_token_ok" time="1.345" /><testcase classname="tests.test_iter9.TestLegacyGoalsTolerance" name="test_get_savings_goals_returns_200_and_list" time="0.728" /><testcase classname="tests.test_iter9.TestUserIdentityStable" name="test_me_returns_same_id_across_logins" time="2.453" /></testsuite></testsuites>