<?xml version="1.0" encoding="utf-8"?><testsuites name="pytest tests"><testsuite name="pytest" errors="0" failures="0" skipped="0" tests="11" time="4.028" timestamp="2026-08-23T05:40:46.434317+00:00" hostname="agent-env-64bd3e08-9c52-4d5e-b9b1-4673c1baee10"><testcase classname="tests.test_iter7.TestSavingsGoalAuth" name="test_get_requires_auth" time="0.450" /><testcase classname="tests.test_iter7.TestSavingsGoalAuth" name="test_put_requires_auth" time="0.097" /><testcase classname="tests.test_iter7.TestSavingsGoalAuth" name="test_delete_requires_auth" time="0.257" /><testcase classname="tests.test_iter7.TestSavingsGoalCRUD" name="test_get_null_when_none_set" time="1.141" /><testcase classname="tests.test_iter7.TestSavingsGoalCRUD" name="test_put_upsert_creates_goal" time="0.090" /><testcase classname="tests.test_iter7.TestSavingsGoalCRUD" name="test_put_again_updates_same_goal" time="0.360" /><testcase classname="tests.test_iter7.TestSavingsGoalCRUD" name="test_put_zero_or_negative_returns_422" time="0.325" /><testcase classname="tests.test_iter7.TestSavingsGoalCRUD" name="test_put_missing_target_422" time="0.233" /><testcase classname="tests.test_iter7.TestSavingsGoalCRUD" name="test_delete_removes_goal" time="0.133" /><testcase classname="tests.test_iter7.TestSavingsGoalIsolation" name="test_goal_is_per_user" time="1.793" /><testcase classname="tests.test_iter7.TestBalanceAndSavingsRegression" name="test_income_minus_expense_negative_savings_isolated" time="1.118" /></testsuite></testsuites>